<?xml version="1.0" encoding="UTF-8"?>
<testsuite name="sample.HelloWorldKotlinTest" tests="1" skipped="0" failures="0" errors="0" timestamp="2017-08-15T20:40:01" hostname="Kimptocs-MBA2013.local" time="0.025">
  <properties/>
  <testcase name="basics" classname="sample.HelloWorldKotlinTest" time="0.025"/>
  <system-out><![CDATA[]]></system-out>
  <system-err><![CDATA[]]></system-err>
</testsuite>
