<?xml version="1.0" encoding="UTF-8"?>
<testsuite name="sample.HelloWorldTest" tests="1" skipped="0" failures="0" errors="0" timestamp="2017-08-15T20:40:01" hostname="Kimptocs-MBA2013.local" time="0.0">
  <properties/>
  <testcase name="tryHelloWorld" classname="sample.HelloWorldTest" time="0.0"/>
  <system-out><![CDATA[]]></system-out>
  <system-err><![CDATA[]]></system-err>
</testsuite>
